# JRE version: Java(TM) SE Runtime Environment (23.0.2+7) (build 23.0.2+7-58)
# Java VM: Java HotSpot(TM) 64-Bit Server VM (23.0.2+7-58, mixed mode, emulated-client, sharing, tiered, compressed oops, compressed class ptrs, g1 gc, windows-amd64)
GC Precious Log:
 CardTable entry size: 512
 Card Set container configuration: InlinePtr #cards 5 size 8 Array Of Cards #cards 10 size 36 Howl #buckets 4 coarsen threshold 1843 Howl Bitmap #cards 512 size 80 coarsen threshold 460 Card regions per heap region 1 cards per card region 2048
 CPUs: 16 total, 16 available
 Memory: 7545M
 Large Page Support: Disabled
 NUMA Support: Disabled
 Compressed Oops: Enabled (32-bit)
 Heap Region Size: 1M
 Heap Min Capacity: 8M
 Heap Initial Capacity: 118M
 Heap Max Capacity: 1888M
 Pre-touch: Disabled
 Parallel Workers: 13
 Concurrent Workers: 3
 Concurrent Refinement Workers: 13
 Periodic GC: Disabled
Heap:
 garbage-first heap   total reserved 1933312K, committed 57344K, used 39550K [0x000000008a000000, 0x0000000100000000)
  region size 1024K, 13 young (13312K), 2 survivors (2048K)
 Metaspace       used 65249K, committed 65856K, reserved 1114112K
  class space    used 9593K, committed 9856K, reserved 1048576K
GC Heap History (20 events):
Event: 3.707 GC heap before
{Heap before GC invocations=4 (full 0):
 garbage-first heap   total reserved 1933312K, committed 48128K, used 46332K [0x000000008a000000, 0x0000000100000000)
  region size 1024K, 39 young (39936K), 6 survivors (6144K)
 Metaspace       used 25759K, committed 26176K, reserved 1114112K
  class space    used 3547K, committed 3712K, reserved 1048576K
}
Event: 3.718 GC heap after
{Heap after GC invocations=5 (full 0):
 garbage-first heap   total reserved 1933312K, committed 57344K, used 16080K [0x000000008a000000, 0x0000000100000000)
  region size 1024K, 7 young (7168K), 7 survivors (7168K)
 Metaspace       used 25759K, committed 26176K, reserved 1114112K
  class space    used 3547K, committed 3712K, reserved 1048576K
}
Event: 4.454 GC heap before
{Heap before GC invocations=5 (full 0):
 garbage-first heap   total reserved 1933312K, committed 57344K, used 40656K [0x000000008a000000, 0x0000000100000000)
  region size 1024K, 31 young (31744K), 7 survivors (7168K)
 Metaspace       used 28362K, committed 28800K, reserved 1114112K
  class space    used 3903K, committed 4096K, reserved 1048576K
}
Event: 4.461 GC heap after
{Heap after GC invocations=6 (full 0):
 garbage-first heap   total reserved 1933312K, committed 57344K, used 17516K [0x000000008a000000, 0x0000000100000000)
  region size 1024K, 2 young (2048K), 2 survivors (2048K)
 Metaspace       used 28362K, committed 28800K, reserved 1114112K
  class space    used 3903K, committed 4096K, reserved 1048576K
}
Event: 5.507 GC heap before
{Heap before GC invocations=6 (full 0):
 garbage-first heap   total reserved 1933312K, committed 57344K, used 43116K [0x000000008a000000, 0x0000000100000000)
  region size 1024K, 27 young (27648K), 2 survivors (2048K)
 Metaspace       used 31743K, committed 32192K, reserved 1114112K
  class space    used 4429K, committed 4608K, reserved 1048576K
}
Event: 5.512 GC heap after
{Heap after GC invocations=7 (full 0):
 garbage-first heap   total reserved 1933312K, committed 57344K, used 19297K [0x000000008a000000, 0x0000000100000000)
  region size 1024K, 4 young (4096K), 4 survivors (4096K)
 Metaspace       used 31743K, committed 32192K, reserved 1114112K
  class space    used 4429K, committed 4608K, reserved 1048576K
}
Event: 6.462 GC heap before
{Heap before GC invocations=7 (full 0):
 garbage-first heap   total reserved 1933312K, committed 57344K, used 41825K [0x000000008a000000, 0x0000000100000000)
  region size 1024K, 27 young (27648K), 4 survivors (4096K)
 Metaspace       used 35579K, committed 36096K, reserved 1114112K
  class space    used 4993K, committed 5248K, reserved 1048576K
}
Event: 6.469 GC heap after
{Heap after GC invocations=8 (full 0):
 garbage-first heap   total reserved 1933312K, committed 57344K, used 21178K [0x000000008a000000, 0x0000000100000000)
  region size 1024K, 4 young (4096K), 4 survivors (4096K)
 Metaspace       used 35579K, committed 36096K, reserved 1114112K
  class space    used 4993K, committed 5248K, reserved 1048576K
}
Event: 7.549 GC heap before
{Heap before GC invocations=9 (full 0):
 garbage-first heap   total reserved 1933312K, committed 57344K, used 45754K [0x000000008a000000, 0x0000000100000000)
  region size 1024K, 28 young (28672K), 4 survivors (4096K)
 Metaspace       used 40791K, committed 41408K, reserved 1114112K
  class space    used 5732K, committed 6016K, reserved 1048576K
}
Event: 7.555 GC heap after
{Heap after GC invocations=10 (full 0):
 garbage-first heap   total reserved 1933312K, committed 57344K, used 23085K [0x000000008a000000, 0x0000000100000000)
  region size 1024K, 4 young (4096K), 4 survivors (4096K)
 Metaspace       used 40791K, committed 41408K, reserved 1114112K
  class space    used 5732K, committed 6016K, reserved 1048576K
}
Event: 8.580 GC heap before
{Heap before GC invocations=10 (full 0):
 garbage-first heap   total reserved 1933312K, committed 57344K, used 47661K [0x000000008a000000, 0x0000000100000000)
  region size 1024K, 28 young (28672K), 4 survivors (4096K)
 Metaspace       used 45680K, committed 46272K, reserved 1114112K
  class space    used 6719K, committed 6976K, reserved 1048576K
}
Event: 8.586 GC heap after
{Heap after GC invocations=11 (full 0):
 garbage-first heap   total reserved 1933312K, committed 57344K, used 24698K [0x000000008a000000, 0x0000000100000000)
  region size 1024K, 4 young (4096K), 4 survivors (4096K)
 Metaspace       used 45680K, committed 46272K, reserved 1114112K
  class space    used 6719K, committed 6976K, reserved 1048576K
}
Event: 9.666 GC heap before
{Heap before GC invocations=11 (full 0):
 garbage-first heap   total reserved 1933312K, committed 57344K, used 47226K [0x000000008a000000, 0x0000000100000000)
  region size 1024K, 27 young (27648K), 4 survivors (4096K)
 Metaspace       used 52742K, committed 53376K, reserved 1114112K
  class space    used 7601K, committed 7872K, reserved 1048576K
}
Event: 9.672 GC heap after
{Heap after GC invocations=12 (full 0):
 garbage-first heap   total reserved 1933312K, committed 57344K, used 26900K [0x000000008a000000, 0x0000000100000000)
  region size 1024K, 4 young (4096K), 4 survivors (4096K)
 Metaspace       used 52742K, committed 53376K, reserved 1114112K
  class space    used 7601K, committed 7872K, reserved 1048576K
}
Event: 11.506 GC heap before
{Heap before GC invocations=12 (full 0):
 garbage-first heap   total reserved 1933312K, committed 57344K, used 47380K [0x000000008a000000, 0x0000000100000000)
  region size 1024K, 25 young (25600K), 4 survivors (4096K)
 Metaspace       used 56611K, committed 57280K, reserved 1114112K
  class space    used 8093K, committed 8384K, reserved 1048576K
}
Event: 11.511 GC heap after
{Heap after GC invocations=13 (full 0):
 garbage-first heap   total reserved 1933312K, committed 57344K, used 28146K [0x000000008a000000, 0x0000000100000000)
  region size 1024K, 4 young (4096K), 4 survivors (4096K)
 Metaspace       used 56611K, committed 57280K, reserved 1114112K
  class space    used 8093K, committed 8384K, reserved 1048576K
}
Event: 11.913 GC heap before
{Heap before GC invocations=13 (full 0):
 garbage-first heap   total reserved 1933312K, committed 57344K, used 35314K [0x000000008a000000, 0x0000000100000000)
  region size 1024K, 13 young (13312K), 4 survivors (4096K)
 Metaspace       used 59691K, committed 60288K, reserved 1114112K
  class space    used 8598K, committed 8832K, reserved 1048576K
}
Event: 11.917 GC heap after
{Heap after GC invocations=14 (full 0):
 garbage-first heap   total reserved 1933312K, committed 57344K, used 28937K [0x000000008a000000, 0x0000000100000000)
  region size 1024K, 3 young (3072K), 3 survivors (3072K)
 Metaspace       used 59691K, committed 60288K, reserved 1114112K
  class space    used 8598K, committed 8832K, reserved 1048576K
}
Event: 13.735 GC heap before
{Heap before GC invocations=15 (full 0):
 garbage-first heap   total reserved 1933312K, committed 57344K, used 48393K [0x000000008a000000, 0x0000000100000000)
  region size 1024K, 22 young (22528K), 3 survivors (3072K)
 Metaspace       used 62339K, committed 62976K, reserved 1114112K
  class space    used 9141K, committed 9408K, reserved 1048576K
}
Event: 13.738 GC heap after
{Heap after GC invocations=16 (full 0):
 garbage-first heap   total reserved 1933312K, committed 57344K, used 29310K [0x000000008a000000, 0x0000000100000000)
  region size 1024K, 2 young (2048K), 2 survivors (2048K)
 Metaspace       used 62339K, committed 62976K, reserved 1114112K
  class space    used 9141K, committed 9408K, reserved 1048576K
}

